# JRE version: Java(TM) SE Runtime Environment 18.9 (11.0.11+9) (build 11.0.11+9-LTS-194)
# Java VM: Java HotSpot(TM) 64-Bit Server VM 18.9 (11.0.11+9-LTS-194, mixed mode, tiered, compressed oops, g1 gc, windows-amd64)
Heap:
 garbage-first heap   total 251904K, used 37650K [0x000000070a000000, 0x0000000800000000)
  region size 1024K, 33 young (33792K), 8 survivors (8192K)
 Metaspace       used 38102K, capacity 39491K, committed 39504K, reserved 1083392K
  class space    used 4821K, capacity 5373K, committed 5376K, reserved 1048576K
GC Heap History (10 events):
Event: 1.381 GC heap before
{Heap before GC invocations=0 (full 0):
 garbage-first heap   total 251904K, used 21504K [0x000000070a000000, 0x0000000800000000)
  region size 1024K, 22 young (22528K), 0 survivors (0K)
 Metaspace       used 13981K, capacity 14374K, committed 14720K, reserved 1062912K
  class space    used 1458K, capacity 1560K, committed 1664K, reserved 1048576K
}
Event: 1.398 GC heap after
{Heap after GC invocations=1 (full 0):
 garbage-first heap   total 251904K, used 6523K [0x000000070a000000, 0x0000000800000000)
  region size 1024K, 3 young (3072K), 3 survivors (3072K)
 Metaspace       used 13981K, capacity 14374K, committed 14720K, reserved 1062912K
  class space    used 1458K, capacity 1560K, committed 1664K, reserved 1048576K
}
Event: 1.762 GC heap before
{Heap before GC invocations=1 (full 0):
 garbage-first heap   total 251904K, used 27003K [0x000000070a000000, 0x0000000800000000)
  region size 1024K, 23 young (23552K), 3 survivors (3072K)
 Metaspace       used 18182K, capacity 18790K, committed 19072K, reserved 1067008K
  class space    used 2093K, capacity 2324K, committed 2432K, reserved 1048576K
}
Event: 1.767 GC heap after
{Heap after GC invocations=2 (full 0):
 garbage-first heap   total 251904K, used 8023K [0x000000070a000000, 0x0000000800000000)
  region size 1024K, 2 young (2048K), 2 survivors (2048K)
 Metaspace       used 18182K, capacity 18790K, committed 19072K, reserved 1067008K
  class space    used 2093K, capacity 2324K, committed 2432K, reserved 1048576K
}
Event: 1.825 GC heap before
{Heap before GC invocations=2 (full 0):
 garbage-first heap   total 251904K, used 18263K [0x000000070a000000, 0x0000000800000000)
  region size 1024K, 13 young (13312K), 2 survivors (2048K)
 Metaspace       used 20559K, capacity 21231K, committed 21296K, reserved 1069056K
  class space    used 2403K, capacity 2681K, committed 2688K, reserved 1048576K
}
Event: 1.827 GC heap after
{Heap after GC invocations=3 (full 0):
 garbage-first heap   total 251904K, used 8576K [0x000000070a000000, 0x0000000800000000)
  region size 1024K, 2 young (2048K), 2 survivors (2048K)
 Metaspace       used 20559K, capacity 21231K, committed 21296K, reserved 1069056K
  class space    used 2403K, capacity 2681K, committed 2688K, reserved 1048576K
}
Event: 2.456 GC heap before
{Heap before GC invocations=4 (full 0):
 garbage-first heap   total 251904K, used 77184K [0x000000070a000000, 0x0000000800000000)
  region size 1024K, 70 young (71680K), 2 survivors (2048K)
 Metaspace       used 29435K, capacity 30471K, committed 30640K, reserved 1075200K
  class space    used 3690K, capacity 4079K, committed 4096K, reserved 1048576K
}
Event: 2.464 GC heap after
{Heap after GC invocations=5 (full 0):
 garbage-first heap   total 251904K, used 11481K [0x000000070a000000, 0x0000000800000000)
  region size 1024K, 5 young (5120K), 5 survivors (5120K)
 Metaspace       used 29435K, capacity 30471K, committed 30640K, reserved 1075200K
  class space    used 3690K, capacity 4079K, committed 4096K, reserved 1048576K
}
Event: 3.105 GC heap before
{Heap before GC invocations=5 (full 0):
 garbage-first heap   total 251904K, used 55513K [0x000000070a000000, 0x0000000800000000)
  region size 1024K, 49 young (50176K), 5 survivors (5120K)
 Metaspace       used 34573K, capacity 35777K, committed 35920K, reserved 1081344K
  class space    used 4363K, capacity 4864K, committed 4864K, reserved 1048576K
}
Event: 3.115 GC heap after
{Heap after GC invocations=6 (full 0):
 garbage-first heap   total 251904K, used 14098K [0x000000070a000000, 0x0000000800000000)
  region size 1024K, 8 young (8192K), 8 survivors (8192K)
 Metaspace       used 34573K, capacity 35777K, committed 35920K, reserved 1081344K
  class space    used 4363K, capacity 4864K, committed 4864K, reserved 1048576K
}

