# JRE version: Java(TM) SE Runtime Environment 18.9 (11.0.11+9) (build 11.0.11+9-LTS-194)
# Java VM: Java HotSpot(TM) 64-Bit Server VM 18.9 (11.0.11+9-LTS-194, mixed mode, tiered, compressed oops, g1 gc, windows-amd64)
Heap:
 garbage-first heap   total 251904K, used 38974K [0x000000070a000000, 0x0000000800000000)
  region size 1024K, 33 young (33792K), 8 survivors (8192K)
 Metaspace       used 38095K, capacity 39462K, committed 39504K, reserved 1083392K
  class space    used 4818K, capacity 5341K, committed 5376K, reserved 1048576K
GC Heap History (10 events):
Event: 1.389 GC heap before
{Heap before GC invocations=0 (full 0):
 garbage-first heap   total 251904K, used 21504K [0x000000070a000000, 0x0000000800000000)
  region size 1024K, 22 young (22528K), 0 survivors (0K)
 Metaspace       used 13965K, capacity 14374K, committed 14720K, reserved 1062912K
  class space    used 1460K, capacity 1560K, committed 1664K, reserved 1048576K
}
Event: 1.395 GC heap after
{Heap after GC invocations=1 (full 0):
 garbage-first heap   total 251904K, used 6894K [0x000000070a000000, 0x0000000800000000)
  region size 1024K, 3 young (3072K), 3 survivors (3072K)
 Metaspace       used 13965K, capacity 14374K, committed 14720K, reserved 1062912K
  class space    used 1460K, capacity 1560K, committed 1664K, reserved 1048576K
}
Event: 1.615 GC heap before
{Heap before GC invocations=1 (full 0):
 garbage-first heap   total 251904K, used 20206K [0x000000070a000000, 0x0000000800000000)
  region size 1024K, 16 young (16384K), 3 survivors (3072K)
 Metaspace       used 17018K, capacity 17543K, committed 17792K, reserved 1064960K
  class space    used 1880K, capacity 2073K, committed 2176K, reserved 1048576K
}
Event: 1.619 GC heap after
{Heap after GC invocations=2 (full 0):
 garbage-first heap   total 251904K, used 7899K [0x000000070a000000, 0x0000000800000000)
  region size 1024K, 1 young (1024K), 1 survivors (1024K)
 Metaspace       used 17018K, capacity 17543K, committed 17792K, reserved 1064960K
  class space    used 1880K, capacity 2073K, committed 2176K, reserved 1048576K
}
Event: 1.802 GC heap before
{Heap before GC invocations=2 (full 0):
 garbage-first heap   total 251904K, used 25307K [0x000000070a000000, 0x0000000800000000)
  region size 1024K, 19 young (19456K), 1 survivors (1024K)
 Metaspace       used 20554K, capacity 21202K, committed 21296K, reserved 1069056K
  class space    used 2400K, capacity 2649K, committed 2688K, reserved 1048576K
}
Event: 1.805 GC heap after
{Heap after GC invocations=3 (full 0):
 garbage-first heap   total 251904K, used 8857K [0x000000070a000000, 0x0000000800000000)
  region size 1024K, 2 young (2048K), 2 survivors (2048K)
 Metaspace       used 20554K, capacity 21202K, committed 21296K, reserved 1069056K
  class space    used 2400K, capacity 2649K, committed 2688K, reserved 1048576K
}
Event: 2.137 GC heap before
{Heap before GC invocations=4 (full 0):
 garbage-first heap   total 251904K, used 58009K [0x000000070a000000, 0x0000000800000000)
  region size 1024K, 50 young (51200K), 2 survivors (2048K)
 Metaspace       used 27522K, capacity 28407K, committed 28592K, reserved 1075200K
  class space    used 3405K, capacity 3755K, committed 3840K, reserved 1048576K
}
Event: 2.142 GC heap after
{Heap after GC invocations=5 (full 0):
 garbage-first heap   total 251904K, used 11172K [0x000000070a000000, 0x0000000800000000)
  region size 1024K, 5 young (5120K), 5 survivors (5120K)
 Metaspace       used 27522K, capacity 28407K, committed 28592K, reserved 1075200K
  class space    used 3405K, capacity 3755K, committed 3840K, reserved 1048576K
}
Event: 3.062 GC heap before
{Heap before GC invocations=5 (full 0):
 garbage-first heap   total 251904K, used 74660K [0x000000070a000000, 0x0000000800000000)
  region size 1024K, 68 young (69632K), 5 survivors (5120K)
 Metaspace       used 34566K, capacity 35780K, committed 35920K, reserved 1081344K
  class space    used 4361K, capacity 4864K, committed 4864K, reserved 1048576K
}
Event: 3.073 GC heap after
{Heap after GC invocations=6 (full 0):
 garbage-first heap   total 251904K, used 14398K [0x000000070a000000, 0x0000000800000000)
  region size 1024K, 8 young (8192K), 8 survivors (8192K)
 Metaspace       used 34566K, capacity 35780K, committed 35920K, reserved 1081344K
  class space    used 4361K, capacity 4864K, committed 4864K, reserved 1048576K
}

