# JRE version: Java(TM) SE Runtime Environment 18.9 (11.0.11+9) (build 11.0.11+9-LTS-194)
# Java VM: Java HotSpot(TM) 64-Bit Server VM 18.9 (11.0.11+9-LTS-194, mixed mode, tiered, compressed oops, g1 gc, windows-amd64)
Heap:
 garbage-first heap   total 251904K, used 36705K [0x000000070a000000, 0x0000000800000000)
  region size 1024K, 32 young (32768K), 8 survivors (8192K)
 Metaspace       used 38107K, capacity 39491K, committed 39600K, reserved 1083392K
  class space    used 4821K, capacity 5373K, committed 5376K, reserved 1048576K
GC Heap History (10 events):
Event: 1.310 GC heap before
{Heap before GC invocations=0 (full 0):
 garbage-first heap   total 251904K, used 21504K [0x000000070a000000, 0x0000000800000000)
  region size 1024K, 22 young (22528K), 0 survivors (0K)
 Metaspace       used 13992K, capacity 14310K, committed 14464K, reserved 1062912K
  class space    used 1457K, capacity 1560K, committed 1664K, reserved 1048576K
}
Event: 1.317 GC heap after
{Heap after GC invocations=1 (full 0):
 garbage-first heap   total 251904K, used 6537K [0x000000070a000000, 0x0000000800000000)
  region size 1024K, 3 young (3072K), 3 survivors (3072K)
 Metaspace       used 13992K, capacity 14310K, committed 14464K, reserved 1062912K
  class space    used 1457K, capacity 1560K, committed 1664K, reserved 1048576K
}
Event: 1.620 GC heap before
{Heap before GC invocations=1 (full 0):
 garbage-first heap   total 251904K, used 23945K [0x000000070a000000, 0x0000000800000000)
  region size 1024K, 20 young (20480K), 3 survivors (3072K)
 Metaspace       used 17659K, capacity 18193K, committed 18432K, reserved 1064960K
  class space    used 1972K, capacity 2187K, committed 2304K, reserved 1048576K
}
Event: 1.625 GC heap after
{Heap after GC invocations=2 (full 0):
 garbage-first heap   total 251904K, used 7836K [0x000000070a000000, 0x0000000800000000)
  region size 1024K, 2 young (2048K), 2 survivors (2048K)
 Metaspace       used 17659K, capacity 18193K, committed 18432K, reserved 1064960K
  class space    used 1972K, capacity 2187K, committed 2304K, reserved 1048576K
}
Event: 1.753 GC heap before
{Heap before GC invocations=2 (full 0):
 garbage-first heap   total 251904K, used 20124K [0x000000070a000000, 0x0000000800000000)
  region size 1024K, 15 young (15360K), 2 survivors (2048K)
 Metaspace       used 20496K, capacity 21187K, committed 21296K, reserved 1069056K
  class space    used 2392K, capacity 2645K, committed 2688K, reserved 1048576K
}
Event: 1.756 GC heap after
{Heap after GC invocations=3 (full 0):
 garbage-first heap   total 251904K, used 8511K [0x000000070a000000, 0x0000000800000000)
  region size 1024K, 2 young (2048K), 2 survivors (2048K)
 Metaspace       used 20496K, capacity 21187K, committed 21296K, reserved 1069056K
  class space    used 2392K, capacity 2645K, committed 2688K, reserved 1048576K
}
Event: 2.354 GC heap before
{Heap before GC invocations=4 (full 0):
 garbage-first heap   total 251904K, used 75071K [0x000000070a000000, 0x0000000800000000)
  region size 1024K, 68 young (69632K), 2 survivors (2048K)
 Metaspace       used 29144K, capacity 30116K, committed 30384K, reserved 1075200K
  class space    used 3655K, capacity 4046K, committed 4096K, reserved 1048576K
}
Event: 2.360 GC heap after
{Heap after GC invocations=5 (full 0):
 garbage-first heap   total 251904K, used 11435K [0x000000070a000000, 0x0000000800000000)
  region size 1024K, 5 young (5120K), 5 survivors (5120K)
 Metaspace       used 29144K, capacity 30116K, committed 30384K, reserved 1075200K
  class space    used 3655K, capacity 4046K, committed 4096K, reserved 1048576K
}
Event: 2.984 GC heap before
{Heap before GC invocations=5 (full 0):
 garbage-first heap   total 251904K, used 57515K [0x000000070a000000, 0x0000000800000000)
  region size 1024K, 51 young (52224K), 5 survivors (5120K)
 Metaspace       used 34588K, capacity 35841K, committed 35920K, reserved 1081344K
  class space    used 4367K, capacity 4864K, committed 4864K, reserved 1048576K
}
Event: 2.994 GC heap after
{Heap after GC invocations=6 (full 0):
 garbage-first heap   total 251904K, used 14177K [0x000000070a000000, 0x0000000800000000)
  region size 1024K, 8 young (8192K), 8 survivors (8192K)
 Metaspace       used 34588K, capacity 35841K, committed 35920K, reserved 1081344K
  class space    used 4367K, capacity 4864K, committed 4864K, reserved 1048576K
}

