# JRE version: Java(TM) SE Runtime Environment 18.9 (11.0.11+9) (build 11.0.11+9-LTS-194)
# Java VM: Java HotSpot(TM) 64-Bit Server VM 18.9 (11.0.11+9-LTS-194, mixed mode, tiered, compressed oops, g1 gc, windows-amd64)
Heap:
 garbage-first heap   total 251904K, used 42825K [0x000000070a000000, 0x0000000800000000)
  region size 1024K, 36 young (36864K), 8 survivors (8192K)
 Metaspace       used 38407K, capacity 39801K, committed 39984K, reserved 1083392K
  class space    used 4857K, capacity 5412K, committed 5504K, reserved 1048576K
GC Heap History (10 events):
Event: 1.455 GC heap before
{Heap before GC invocations=1 (full 0):
 garbage-first heap   total 251904K, used 15638K [0x000000070a000000, 0x0000000800000000)
  region size 1024K, 12 young (12288K), 3 survivors (3072K)
 Metaspace       used 15462K, capacity 15930K, committed 16000K, reserved 1062912K
  class space    used 1669K, capacity 1850K, committed 1920K, reserved 1048576K
}
Event: 1.458 GC heap after
{Heap after GC invocations=2 (full 0):
 garbage-first heap   total 251904K, used 7698K [0x000000070a000000, 0x0000000800000000)
  region size 1024K, 1 young (1024K), 1 survivors (1024K)
 Metaspace       used 15462K, capacity 15930K, committed 16000K, reserved 1062912K
  class space    used 1669K, capacity 1850K, committed 1920K, reserved 1048576K
}
Event: 1.772 GC heap before
{Heap before GC invocations=2 (full 0):
 garbage-first heap   total 251904K, used 29202K [0x000000070a000000, 0x0000000800000000)
  region size 1024K, 24 young (24576K), 1 survivors (1024K)
 Metaspace       used 20572K, capacity 21228K, committed 21296K, reserved 1069056K
  class space    used 2406K, capacity 2680K, committed 2688K, reserved 1048576K
}
Event: 1.775 GC heap after
{Heap after GC invocations=3 (full 0):
 garbage-first heap   total 251904K, used 9103K [0x000000070a000000, 0x0000000800000000)
  region size 1024K, 2 young (2048K), 2 survivors (2048K)
 Metaspace       used 20572K, capacity 21228K, committed 21296K, reserved 1069056K
  class space    used 2406K, capacity 2680K, committed 2688K, reserved 1048576K
}
Event: 2.058 GC heap before
{Heap before GC invocations=4 (full 0):
 garbage-first heap   total 251904K, used 49039K [0x000000070a000000, 0x0000000800000000)
  region size 1024K, 42 young (43008K), 2 survivors (2048K)
 Metaspace       used 26448K, capacity 27304K, committed 27440K, reserved 1073152K
  class space    used 3261K, capacity 3598K, committed 3712K, reserved 1048576K
}
Event: 2.063 GC heap after
{Heap after GC invocations=5 (full 0):
 garbage-first heap   total 251904K, used 11250K [0x000000070a000000, 0x0000000800000000)
  region size 1024K, 4 young (4096K), 4 survivors (4096K)
 Metaspace       used 26448K, capacity 27304K, committed 27440K, reserved 1073152K
  class space    used 3261K, capacity 3598K, committed 3712K, reserved 1048576K
}
Event: 2.999 GC heap before
{Heap before GC invocations=5 (full 0):
 garbage-first heap   total 251904K, used 80882K [0x000000070a000000, 0x0000000800000000)
  region size 1024K, 72 young (73728K), 4 survivors (4096K)
 Metaspace       used 34416K, capacity 35642K, committed 35760K, reserved 1081344K
  class space    used 4340K, capacity 4822K, committed 4864K, reserved 1048576K
}
Event: 3.007 GC heap after
{Heap after GC invocations=6 (full 0):
 garbage-first heap   total 251904K, used 14766K [0x000000070a000000, 0x0000000800000000)
  region size 1024K, 8 young (8192K), 8 survivors (8192K)
 Metaspace       used 34416K, capacity 35642K, committed 35760K, reserved 1081344K
  class space    used 4340K, capacity 4822K, committed 4864K, reserved 1048576K
}
Event: 3.037 GC heap before
{Heap before GC invocations=6 (full 0):
 garbage-first heap   total 251904K, used 16814K [0x000000070a000000, 0x0000000800000000)
  region size 1024K, 11 young (11264K), 8 survivors (8192K)
 Metaspace       used 34587K, capacity 35841K, committed 35920K, reserved 1081344K
  class space    used 4365K, capacity 4864K, committed 4864K, reserved 1048576K
}
Event: 3.047 GC heap after
{Heap after GC invocations=7 (full 0):
 garbage-first heap   total 251904K, used 15177K [0x000000070a000000, 0x0000000800000000)
  region size 1024K, 8 young (8192K), 8 survivors (8192K)
 Metaspace       used 34587K, capacity 35841K, committed 35920K, reserved 1081344K
  class space    used 4365K, capacity 4864K, committed 4864K, reserved 1048576K
}

