# JRE version: Java(TM) SE Runtime Environment 18.9 (11.0.11+9) (build 11.0.11+9-LTS-194)
# Java VM: Java HotSpot(TM) 64-Bit Server VM 18.9 (11.0.11+9-LTS-194, mixed mode, tiered, compressed oops, g1 gc, windows-amd64)
Heap:
 garbage-first heap   total 251904K, used 42650K [0x000000070a000000, 0x0000000800000000)
  region size 1024K, 36 young (36864K), 8 survivors (8192K)
 Metaspace       used 38395K, capacity 39767K, committed 40144K, reserved 1083392K
  class space    used 4858K, capacity 5379K, committed 5504K, reserved 1048576K
GC Heap History (10 events):
Event: 1.691 GC heap before
{Heap before GC invocations=1 (full 0):
 garbage-first heap   total 251904K, used 15798K [0x000000070a000000, 0x0000000800000000)
  region size 1024K, 12 young (12288K), 3 survivors (3072K)
 Metaspace       used 15449K, capacity 15930K, committed 16000K, reserved 1062912K
  class space    used 1670K, capacity 1850K, committed 1920K, reserved 1048576K
}
Event: 1.694 GC heap after
{Heap after GC invocations=2 (full 0):
 garbage-first heap   total 251904K, used 7491K [0x000000070a000000, 0x0000000800000000)
  region size 1024K, 1 young (1024K), 1 survivors (1024K)
 Metaspace       used 15449K, capacity 15930K, committed 16000K, reserved 1062912K
  class space    used 1670K, capacity 1850K, committed 1920K, reserved 1048576K
}
Event: 2.008 GC heap before
{Heap before GC invocations=2 (full 0):
 garbage-first heap   total 251904K, used 30019K [0x000000070a000000, 0x0000000800000000)
  region size 1024K, 24 young (24576K), 1 survivors (1024K)
 Metaspace       used 20560K, capacity 21293K, committed 21552K, reserved 1069056K
  class space    used 2402K, capacity 2680K, committed 2688K, reserved 1048576K
}
Event: 2.012 GC heap after
{Heap after GC invocations=3 (full 0):
 garbage-first heap   total 251904K, used 8949K [0x000000070a000000, 0x0000000800000000)
  region size 1024K, 2 young (2048K), 2 survivors (2048K)
 Metaspace       used 20560K, capacity 21293K, committed 21552K, reserved 1069056K
  class space    used 2402K, capacity 2680K, committed 2688K, reserved 1048576K
}
Event: 2.328 GC heap before
{Heap before GC invocations=4 (full 0):
 garbage-first heap   total 251904K, used 50933K [0x000000070a000000, 0x0000000800000000)
  region size 1024K, 43 young (44032K), 2 survivors (2048K)
 Metaspace       used 26681K, capacity 27593K, committed 27696K, reserved 1073152K
  class space    used 3280K, capacity 3630K, committed 3712K, reserved 1048576K
}
Event: 2.332 GC heap after
{Heap after GC invocations=5 (full 0):
 garbage-first heap   total 251904K, used 11022K [0x000000070a000000, 0x0000000800000000)
  region size 1024K, 4 young (4096K), 4 survivors (4096K)
 Metaspace       used 26681K, capacity 27593K, committed 27696K, reserved 1073152K
  class space    used 3280K, capacity 3630K, committed 3712K, reserved 1048576K
}
Event: 3.371 GC heap before
{Heap before GC invocations=5 (full 0):
 garbage-first heap   total 251904K, used 81678K [0x000000070a000000, 0x0000000800000000)
  region size 1024K, 73 young (74752K), 4 survivors (4096K)
 Metaspace       used 34569K, capacity 35767K, committed 35920K, reserved 1081344K
  class space    used 4365K, capacity 4862K, committed 4864K, reserved 1048576K
}
Event: 3.380 GC heap after
{Heap after GC invocations=6 (full 0):
 garbage-first heap   total 251904K, used 14690K [0x000000070a000000, 0x0000000800000000)
  region size 1024K, 8 young (8192K), 8 survivors (8192K)
 Metaspace       used 34569K, capacity 35767K, committed 35920K, reserved 1081344K
  class space    used 4365K, capacity 4862K, committed 4864K, reserved 1048576K
}
Event: 3.383 GC heap before
{Heap before GC invocations=6 (full 0):
 garbage-first heap   total 251904K, used 14690K [0x000000070a000000, 0x0000000800000000)
  region size 1024K, 9 young (9216K), 8 survivors (8192K)
 Metaspace       used 34579K, capacity 35778K, committed 35920K, reserved 1081344K
  class space    used 4367K, capacity 4864K, committed 4864K, reserved 1048576K
}
Event: 3.391 GC heap after
{Heap after GC invocations=7 (full 0):
 garbage-first heap   total 251904K, used 15002K [0x000000070a000000, 0x0000000800000000)
  region size 1024K, 8 young (8192K), 8 survivors (8192K)
 Metaspace       used 34579K, capacity 35778K, committed 35920K, reserved 1081344K
  class space    used 4367K, capacity 4864K, committed 4864K, reserved 1048576K
}

